#
# There is insufficient memory for the Java Runtime Environment to continue.
# Native memory allocation (mmap) failed to map 65536 bytes for committing reserved memory.
# Possible reasons:
#   The system is out of physical RAM or swap space
#   The process is running with CompressedOops enabled, and the Java Heap may be blocking the growth of the native heap
# Possible solutions:
#   Reduce memory load on the system
#   Increase physical memory or swap space
#   Check if swap backing store is full
#   Decrease Java heap size (-Xmx/-Xms)
#   Decrease number of Java threads
#   Decrease Java thread stack sizes (-Xss)
#   Set larger code cache with -XX:ReservedCodeCacheSize=
#   JVM is running with Unscaled Compressed Oops mode in which the Java heap is
#     placed in the first 4GB address space. The Java Heap base address is the
#     maximum limit for the native heap growth. Please use -XX:HeapBaseMinAddress
#     to set the Java Heap base and to place the Java Heap above 4GB virtual address.
# This output file may be truncated or incomplete.
#
#  Out of Memory Error (os_linux.cpp:2757), pid=1399, tid=0x00007f975ffff700
#
# JRE version: OpenJDK Runtime Environment (8.0_252-b09) (build 1.8.0_252-8u252-b09-1~18.04-b09)
# Java VM: OpenJDK 64-Bit Server VM (25.252-b09 mixed mode linux-amd64 compressed oops)
# Failed to write core dump. Core dumps have been disabled. To enable core dumping, try "ulimit -c unlimited" before starting Java again
#

---------------  T H R E A D  ---------------

Current thread (0x00007f977c0d5800):  JavaThread "C2 CompilerThread0" daemon [_thread_in_vm, id=1405, stack(0x00007f975ff00000,0x00007f9760000000)]

Stack: [0x00007f975ff00000,0x00007f9760000000],  sp=0x00007f975fffcd70,  free space=1011k
Native frames: (J=compiled Java code, j=interpreted, Vv=VM code, C=native code)
V  [libjvm.so+0xabcb22]
V  [libjvm.so+0x4de337]
V  [libjvm.so+0x8f6ad0]
V  [libjvm.so+0x8edb9e]
V  [libjvm.so+0xab92f0]
V  [libjvm.so+0x604ebd]
V  [libjvm.so+0x4568d6]
V  [libjvm.so+0x8c36e9]
V  [libjvm.so+0x3ea8de]
V  [libjvm.so+0x47c4fe]
V  [libjvm.so+0x3c2e3a]
V  [libjvm.so+0x487832]
V  [libjvm.so+0x489b68]
V  [libjvm.so+0xa5a12f]
V  [libjvm.so+0xa5b338]
V  [libjvm.so+0x8f3e62]
C  [libpthread.so.0+0x76db]  start_thread+0xdb


Current CompileTask:
C2: 794557 18221 %     4       cem::a @ 70 (803 bytes)


---------------  P R O C E S S  ---------------

Java Threads: ( => current thread )
  0x00007f97584b0800 JavaThread "Server-Worker-47" daemon [_thread_blocked, id=1495, stack(0x00007f974d5fc000,0x00007f974d6fd000)]
  0x00007f9768036800 JavaThread "Netty Epoll Server IO #1" daemon [_thread_in_native, id=1427, stack(0x00007f975de4a000,0x00007f975df4b000)]
  0x00007f97583f8000 JavaThread "Server Watchdog" daemon [_thread_blocked, id=1424, stack(0x00007f974faff000,0x00007f974fc00000)]
  0x00007f9758485000 JavaThread "poi IO worker" [_thread_blocked, id=1421, stack(0x00007f975c030000,0x00007f975c131000)]
  0x00007f9758480000 JavaThread "chunk IO worker" [_thread_blocked, id=1420, stack(0x00007f975c131000,0x00007f975c232000)]
  0x00007f975847d800 JavaThread "poi IO worker" [_thread_blocked, id=1419, stack(0x00007f975c232000,0x00007f975c333000)]
  0x00007f975847c800 JavaThread "chunk IO worker" [_thread_blocked, id=1418, stack(0x00007f975c333000,0x00007f975c434000)]
  0x00007f9758467000 JavaThread "poi IO worker" [_thread_blocked, id=1417, stack(0x00007f975c434000,0x00007f975c535000)]
  0x00007f9758451000 JavaThread "chunk IO worker" [_thread_blocked, id=1416, stack(0x00007f975c535000,0x00007f975c636000)]
  0x00007f97580d9800 JavaThread "Netty Epoll Server IO #0" daemon [_thread_in_native, id=1415, stack(0x00007f975ca36000,0x00007f975cb37000)]
  0x00007f97580d8000 JavaThread "ObjectCleanerThread" daemon [_thread_blocked, id=1414, stack(0x00007f975cb37000,0x00007f975cc38000)]
  0x00007f9758001000 JavaThread "Server console handler" daemon [_thread_in_native, id=1413, stack(0x00007f975d046000,0x00007f975d147000)]
  0x00007f977c00b000 JavaThread "DestroyJavaVM" [_thread_blocked, id=1400, stack(0x00007f9783c5b000,0x00007f9783d5b000)]
  0x00007f977cb0b000 JavaThread "Server thread" [_thread_in_Java, id=1412, stack(0x00007f975d147000,0x00007f975d248000)]
  0x00007f977cb08000 JavaThread "Server Infinisleeper" daemon [_thread_blocked, id=1411, stack(0x00007f975d248000,0x00007f975d349000)]
  0x00007f977cae6800 JavaThread "Snooper Timer" daemon [_thread_blocked, id=1410, stack(0x00007f975d349000,0x00007f975d44a000)]
  0x00007f977c0ec800 JavaThread "Service Thread" daemon [_thread_blocked, id=1407, stack(0x00007f975fcfd000,0x00007f975fdfe000)]
  0x00007f977c0d7800 JavaThread "C1 CompilerThread1" daemon [_thread_blocked, id=1406, stack(0x00007f975fdff000,0x00007f975feff000)]
=>0x00007f977c0d5800 JavaThread "C2 CompilerThread0" daemon [_thread_in_vm, id=1405, stack(0x00007f975ff00000,0x00007f9760000000)]
  0x00007f977c0d4000 JavaThread "Signal Dispatcher" daemon [_thread_blocked, id=1404, stack(0x00007f976c029000,0x00007f976c12a000)]
  0x00007f977c0a5000 JavaThread "Finalizer" daemon [_thread_blocked, id=1403, stack(0x00007f976c12a000,0x00007f976c22b000)]
  0x00007f977c0a0800 JavaThread "Reference Handler" daemon [_thread_blocked, id=1402, stack(0x00007f976c22b000,0x00007f976c32c000)]

Other Threads:
  0x00007f977c096800 VMThread [stack: 0x00007f976c32d000,0x00007f976c42d000] [id=1401]
  0x00007f977c0ef800 WatcherThread [stack: 0x00007f975fbfd000,0x00007f975fcfd000] [id=1408]

VM state:not at safepoint (normal execution)

VM Mutex/Monitor currently owned by a thread:  ([mutex/lock_event])
[0x00007f977c006e80] CodeCache_lock - owner thread: 0x00007f977c0d5800
[0x00007f977c008500] Compile_lock - owner thread: 0x00007f977c0d5800
[0x00007f977c008600] MethodCompileQueue_lock - owner thread: 0x00007f977c0d5800

heap address: 0x00000000c0000000, size: 1024 MB, Compressed Oops mode: 32-bit
Narrow klass base: 0x0000000000000000, Narrow klass shift: 3
Compressed class space size: 1073741824 Address: 0x0000000100000000

Heap:
 def new generation   total 314560K, used 242809K [0x00000000c0000000, 0x00000000d5550000, 0x00000000d5550000)
  eden space 279616K,  80% used [0x00000000c0000000, 0x00000000cdb2a0f0, 0x00000000d1110000)
  from space 34944K,  52% used [0x00000000d3330000, 0x00000000d4524638, 0x00000000d5550000)
  to   space 34944K,   0% used [0x00000000d1110000, 0x00000000d1110000, 0x00000000d3330000)
 tenured generation   total 699072K, used 302147K [0x00000000d5550000, 0x0000000100000000, 0x0000000100000000)
   the space 699072K,  43% used [0x00000000d5550000, 0x00000000e7c60f18, 0x00000000e7c61000, 0x0000000100000000)
 Metaspace       used 55855K, capacity 62181K, committed 62464K, reserved 1101824K
  class space    used 7791K, capacity 9361K, committed 9472K, reserved 1048576K

Card table byte_map: [0x00007f976cdff000,0x00007f976d000000] byte_map_base: 0x00007f976c7ff000

Polling page: 0x00007f9783d64000

CodeCache: size=245760Kb used=36865Kb max_used=37706Kb free=208895Kb
 bounds [0x00007f976d000000, 0x00007f976f520000, 0x00007f977c000000]
 total_blobs=12046 nmethods=11234 adapters=716
 compilation: enabled

Compilation events (10 events):
Event: 792.756 Thread 0x00007f977c0d7800 18226       3       cjn::a (41 bytes)
Event: 792.757 Thread 0x00007f977c0d7800 nmethod 18226 0x00007f976d4f1d50 code [0x00007f976d4f1fc0, 0x00007f976d4f2da8]
Event: 792.757 Thread 0x00007f977c0d7800 18227       3       cjn::a (57 bytes)
Event: 792.757 Thread 0x00007f977c0d7800 nmethod 18227 0x00007f976ea81710 code [0x00007f976ea818e0, 0x00007f976ea82088]
Event: 792.986 Thread 0x00007f977c0d7800 18228       3       bkt::b (79 bytes)
Event: 792.989 Thread 0x00007f977c0d7800 nmethod 18228 0x00007f976e047290 code [0x00007f976e0474e0, 0x00007f976e048118]
Event: 793.547 Thread 0x00007f977c0d7800 18231       3       brj::b (53 bytes)
Event: 793.548 Thread 0x00007f977c0d7800 nmethod 18231 0x00007f976eaadf90 code [0x00007f976eaae200, 0x00007f976eaaf258]
Event: 793.691 Thread 0x00007f977c0d7800 18232       3       brj::a (689 bytes)
Event: 793.701 Thread 0x00007f977c0d7800 nmethod 18232 0x00007f976f0373d0 code [0x00007f976f038000, 0x00007f976f041b78]

GC Heap History (10 events):
Event: 784.340 GC heap before
{Heap before GC invocations=245 (full 3):
 def new generation   total 314560K, used 296981K [0x00000000c0000000, 0x00000000d5550000, 0x00000000d5550000)
  eden space 279616K, 100% used [0x00000000c0000000, 0x00000000d1110000, 0x00000000d1110000)
  from space 34944K,  49% used [0x00000000d1110000, 0x00000000d22054e8, 0x00000000d3330000)
  to   space 34944K,   0% used [0x00000000d3330000, 0x00000000d3330000, 0x00000000d5550000)
 tenured generation   total 699072K, used 293202K [0x00000000d5550000, 0x0000000100000000, 0x0000000100000000)
   the space 699072K,  41% used [0x00000000d5550000, 0x00000000e73a4ac8, 0x00000000e73a4c00, 0x0000000100000000)
 Metaspace       used 55843K, capacity 62173K, committed 62464K, reserved 1101824K
  class space    used 7790K, capacity 9361K, committed 9472K, reserved 1048576K
Event: 784.357 GC heap after
Heap after GC invocations=246 (full 3):
 def new generation   total 314560K, used 18507K [0x00000000c0000000, 0x00000000d5550000, 0x00000000d5550000)
  eden space 279616K,   0% used [0x00000000c0000000, 0x00000000c0000000, 0x00000000d1110000)
  from space 34944K,  52% used [0x00000000d3330000, 0x00000000d4542dc0, 0x00000000d5550000)
  to   space 34944K,   0% used [0x00000000d1110000, 0x00000000d1110000, 0x00000000d3330000)
 tenured generation   total 699072K, used 293202K [0x00000000d5550000, 0x0000000100000000, 0x0000000100000000)
   the space 699072K,  41% used [0x00000000d5550000, 0x00000000e73a4ac8, 0x00000000e73a4c00, 0x0000000100000000)
 Metaspace       used 55843K, capacity 62173K, committed 62464K, reserved 1101824K
  class space    used 7790K, capacity 9361K, committed 9472K, reserved 1048576K
}
Event: 786.291 GC heap before
{Heap before GC invocations=246 (full 3):
 def new generation   total 314560K, used 298123K [0x00000000c0000000, 0x00000000d5550000, 0x00000000d5550000)
  eden space 279616K, 100% used [0x00000000c0000000, 0x00000000d1110000, 0x00000000d1110000)
  from space 34944K,  52% used [0x00000000d3330000, 0x00000000d4542dc0, 0x00000000d5550000)
  to   space 34944K,   0% used [0x00000000d1110000, 0x00000000d1110000, 0x00000000d3330000)
 tenured generation   total 699072K, used 293202K [0x00000000d5550000, 0x0000000100000000, 0x0000000100000000)
   the space 699072K,  41% used [0x00000000d5550000, 0x00000000e73a4ac8, 0x00000000e73a4c00, 0x0000000100000000)
 Metaspace       used 55846K, capacity 62177K, committed 62464K, reserved 1101824K
  class space    used 7790K, capacity 9361K, committed 9472K, reserved 1048576K
Event: 786.313 GC heap after
Heap after GC invocations=247 (full 3):
 def new generation   total 314560K, used 18544K [0x00000000c0000000, 0x00000000d5550000, 0x00000000d5550000)
  eden space 279616K,   0% used [0x00000000c0000000, 0x00000000c0000000, 0x00000000d1110000)
  from space 34944K,  53% used [0x00000000d1110000, 0x00000000d232c2c0, 0x00000000d3330000)
  to   space 34944K,   0% used [0x00000000d3330000, 0x00000000d3330000, 0x00000000d5550000)
 tenured generation   total 699072K, used 295829K [0x00000000d5550000, 0x0000000100000000, 0x0000000100000000)
   the space 699072K,  42% used [0x00000000d5550000, 0x00000000e7635408, 0x00000000e7635600, 0x0000000100000000)
 Metaspace       used 55846K, capacity 62177K, committed 62464K, reserved 1101824K
  class space    used 7790K, capacity 9361K, committed 9472K, reserved 1048576K
}
Event: 788.605 GC heap before
{Heap before GC invocations=247 (full 3):
 def new generation   total 314560K, used 298160K [0x00000000c0000000, 0x00000000d5550000, 0x00000000d5550000)
  eden space 279616K, 100% used [0x00000000c0000000, 0x00000000d1110000, 0x00000000d1110000)
  from space 34944K,  53% used [0x00000000d1110000, 0x00000000d232c2c0, 0x00000000d3330000)
  to   space 34944K,   0% used [0x00000000d3330000, 0x00000000d3330000, 0x00000000d5550000)
 tenured generation   total 699072K, used 295829K [0x00000000d5550000, 0x0000000100000000, 0x0000000100000000)
   the space 699072K,  42% used [0x00000000d5550000, 0x00000000e7635408, 0x00000000e7635600, 0x0000000100000000)
 Metaspace       used 55847K, capacity 62181K, committed 62464K, reserved 1101824K
  class space    used 7790K, capacity 9361K, committed 9472K, reserved 1048576K
Event: 788.626 GC heap after
Heap after GC invocations=248 (full 3):
 def new generation   total 314560K, used 19171K [0x00000000c0000000, 0x00000000d5550000, 0x00000000d5550000)
  eden space 279616K,   0% used [0x00000000c0000000, 0x00000000c0000000, 0x00000000d1110000)
  from space 34944K,  54% used [0x00000000d3330000, 0x00000000d45e8d58, 0x00000000d5550000)
  to   space 34944K,   0% used [0x00000000d1110000, 0x00000000d1110000, 0x00000000d3330000)
 tenured generation   total 699072K, used 297594K [0x00000000d5550000, 0x0000000100000000, 0x0000000100000000)
   the space 699072K,  42% used [0x00000000d5550000, 0x00000000e77eeba8, 0x00000000e77eec00, 0x0000000100000000)
 Metaspace       used 55847K, capacity 62181K, committed 62464K, reserved 1101824K
  class space    used 7790K, capacity 9361K, committed 9472K, reserved 1048576K
}
Event: 790.446 GC heap before
{Heap before GC invocations=248 (full 3):
 def new generation   total 314560K, used 298787K [0x00000000c0000000, 0x00000000d5550000, 0x00000000d5550000)
  eden space 279616K, 100% used [0x00000000c0000000, 0x00000000d1110000, 0x00000000d1110000)
  from space 34944K,  54% used [0x00000000d3330000, 0x00000000d45e8d58, 0x00000000d5550000)
  to   space 34944K,   0% used [0x00000000d1110000, 0x00000000d1110000, 0x00000000d3330000)
 tenured generation   total 699072K, used 297594K [0x00000000d5550000, 0x0000000100000000, 0x0000000100000000)
   the space 699072K,  42% used [0x00000000d5550000, 0x00000000e77eeba8, 0x00000000e77eec00, 0x0000000100000000)
 Metaspace       used 55848K, capacity 62181K, committed 62464K, reserved 1101824K
  class space    used 7791K, capacity 9361K, committed 9472K, reserved 1048576K
Event: 790.467 GC heap after
Heap after GC invocations=249 (full 3):
 def new generation   total 314560K, used 18096K [0x00000000c0000000, 0x00000000d5550000, 0x00000000d5550000)
  eden space 279616K,   0% used [0x00000000c0000000, 0x00000000c0000000, 0x00000000d1110000)
  from space 34944K,  51% used [0x00000000d1110000, 0x00000000d22bc130, 0x00000000d3330000)
  to   space 34944K,   0% used [0x00000000d3330000, 0x00000000d3330000, 0x00000000d5550000)
 tenured generation   total 699072K, used 300298K [0x00000000d5550000, 0x0000000100000000, 0x0000000100000000)
   the space 699072K,  42% used [0x00000000d5550000, 0x00000000e7a92b18, 0x00000000e7a92c00, 0x0000000100000000)
 Metaspace       used 55848K, capacity 62181K, committed 62464K, reserved 1101824K
  class space    used 7791K, capacity 9361K, committed 9472K, reserved 1048576K
}
Event: 792.793 GC heap before
{Heap before GC invocations=249 (full 3):
 def new generation   total 314560K, used 297712K [0x00000000c0000000, 0x00000000d5550000, 0x00000000d5550000)
  eden space 279616K, 100% used [0x00000000c0000000, 0x00000000d1110000, 0x00000000d1110000)
  from space 34944K,  51% used [0x00000000d1110000, 0x00000000d22bc130, 0x00000000d3330000)
  to   space 34944K,   0% used [0x00000000d3330000, 0x00000000d3330000, 0x00000000d5550000)
 tenured generation   total 699072K, used 300298K [0x00000000d5550000, 0x0000000100000000, 0x0000000100000000)
   the space 699072K,  42% used [0x00000000d5550000, 0x00000000e7a92b18, 0x00000000e7a92c00, 0x0000000100000000)
 Metaspace       used 55848K, capacity 62181K, committed 62464K, reserved 1101824K
  class space    used 7791K, capacity 9361K, committed 9472K, reserved 1048576K
Event: 792.834 GC heap after
Heap after GC invocations=250 (full 3):
 def new generation   total 314560K, used 18385K [0x00000000c0000000, 0x00000000d5550000, 0x00000000d5550000)
  eden space 279616K,   0% used [0x00000000c0000000, 0x00000000c0000000, 0x00000000d1110000)
  from space 34944K,  52% used [0x00000000d3330000, 0x00000000d4524638, 0x00000000d5550000)
  to   space 34944K,   0% used [0x00000000d1110000, 0x00000000d1110000, 0x00000000d3330000)
 tenured generation   total 699072K, used 302147K [0x00000000d5550000, 0x0000000100000000, 0x0000000100000000)
   the space 699072K,  43% used [0x00000000d5550000, 0x00000000e7c60f18, 0x00000000e7c61000, 0x0000000100000000)
 Metaspace       used 55848K, capacity 62181K, committed 62464K, reserved 1101824K
  class space    used 7791K, capacity 9361K, committed 9472K, reserved 1048576K
}

Deoptimization events (10 events):
Event: 782.879 Thread 0x00007f97584b0800 Uncommon trap: reason=unstable_if action=reinterpret pc=0x00007f976f33b914 method=cem.a(Lbjx;Lcaa;Ljava/util/Random;Lfk;Lcgv;)Z @ 201
Event: 785.229 Thread 0x00007f97580d9800 Uncommon trap: reason=unstable_if action=reinterpret pc=0x00007f976d3b2344 method=io.netty.buffer.PoolThreadCache$MemoryRegionCache.free(I)I @ 4
Event: 785.750 Thread 0x00007f977cb0b000 Uncommon trap: reason=unstable_if action=reinterpret pc=0x00007f976dc5a2dc method=atk$l.a()Z @ 27
Event: 785.750 Thread 0x00007f977cb0b000 Uncommon trap: reason=unstable_if action=reinterpret pc=0x00007f976e62e780 method=atk$k.b()Z @ 17
Event: 785.750 Thread 0x00007f977cb0b000 Uncommon trap: reason=unstable_if action=reinterpret pc=0x00007f976e74a5dc method=atk.h()V @ 126
Event: 786.498 Thread 0x00007f977cb0b000 Uncommon trap: reason=unstable_if action=reinterpret pc=0x00007f976e1fab04 method=atk.ez()Z @ 8
Event: 791.092 Thread 0x00007f977cb0b000 Uncommon trap: reason=speculate_class_check action=maybe_recompile pc=0x00007f976e855244 method=coh.a(Z)Lcoj; @ 1
Event: 791.863 Thread 0x00007f97584b0800 Uncommon trap: reason=unstable_if action=reinterpret pc=0x00007f976e0eccac method=cmx.a(Ljava/util/Random;Lbzy;Lbkt;IIIDLbyj;Lbyj;Lbyj;Lbyj;Lbyj;I)V @ 186
Event: 792.697 Thread 0x00007f977cb0b000 Uncommon trap: reason=bimorphic action=maybe_recompile pc=0x00007f976ebdb1c4 method=fk.a()J @ 1
Event: 792.984 Thread 0x00007f97584b0800 Uncommon trap: reason=unstable_if action=reinterpret pc=0x00007f976e3c889c method=bkt.b(Lbjz;Lfk;)Z @ 58

Classes redefined (0 events):
No events

Internal exceptions (10 events):
Event: 786.458 Thread 0x00007f9758451000 Exception <a 'sun/nio/fs/UnixException'> (0x00000000c11e2ee8) thrown at [/build/openjdk-8-piDAoU/openjdk-8-8u252-b09/src/hotspot/src/share/vm/prims/jni.cpp, line 710]
Event: 786.458 Thread 0x00007f9758451000 Exception <a 'sun/nio/fs/UnixException'> (0x00000000c11e58c8) thrown at [/build/openjdk-8-piDAoU/openjdk-8-8u252-b09/src/hotspot/src/share/vm/prims/jni.cpp, line 710]
Event: 786.458 Thread 0x00007f9758451000 Exception <a 'sun/nio/fs/UnixException'> (0x00000000c11ec2e8) thrown at [/build/openjdk-8-piDAoU/openjdk-8-8u252-b09/src/hotspot/src/share/vm/prims/jni.cpp, line 710]
Event: 786.458 Thread 0x00007f9758451000 Exception <a 'sun/nio/fs/UnixException'> (0x00000000c11eecc8) thrown at [/build/openjdk-8-piDAoU/openjdk-8-8u252-b09/src/hotspot/src/share/vm/prims/jni.cpp, line 710]
Event: 786.458 Thread 0x00007f9758451000 Exception <a 'sun/nio/fs/UnixException'> (0x00000000c11ef6f8) thrown at [/build/openjdk-8-piDAoU/openjdk-8-8u252-b09/src/hotspot/src/share/vm/prims/jni.cpp, line 710]
Event: 786.459 Thread 0x00007f9758451000 Exception <a 'sun/nio/fs/UnixException'> (0x00000000c11f8130) thrown at [/build/openjdk-8-piDAoU/openjdk-8-8u252-b09/src/hotspot/src/share/vm/prims/jni.cpp, line 710]
Event: 786.459 Thread 0x00007f9758451000 Exception <a 'sun/nio/fs/UnixException'> (0x00000000c11f8b60) thrown at [/build/openjdk-8-piDAoU/openjdk-8-8u252-b09/src/hotspot/src/share/vm/prims/jni.cpp, line 710]
Event: 786.459 Thread 0x00007f9758451000 Exception <a 'sun/nio/fs/UnixException'> (0x00000000c1209c38) thrown at [/build/openjdk-8-piDAoU/openjdk-8-8u252-b09/src/hotspot/src/share/vm/prims/jni.cpp, line 710]
Event: 786.459 Thread 0x00007f9758451000 Exception <a 'sun/nio/fs/UnixException'> (0x00000000c120c618) thrown at [/build/openjdk-8-piDAoU/openjdk-8-8u252-b09/src/hotspot/src/share/vm/prims/jni.cpp, line 710]
Event: 786.459 Thread 0x00007f9758451000 Exception <a 'sun/nio/fs/UnixException'> (0x00000000c1219698) thrown at [/build/openjdk-8-piDAoU/openjdk-8-8u252-b09/src/hotspot/src/share/vm/prims/jni.cpp, line 710]

Events (10 events):
Event: 792.696 Thread 0x00007f977cb0b000 Uncommon trap: trap_request=0xffffffc6 fr.pc=0x00007f976ebdb1c4
Event: 792.698 Thread 0x00007f977cb0b000 DEOPT PACKING pc=0x00007f976ebdb1c4 sp=0x00007f975d2461e0
Event: 792.698 Thread 0x00007f977cb0b000 DEOPT UNPACKING pc=0x00007f976d04547a sp=0x00007f975d2460f0 mode 2
Event: 792.793 Executing VM operation: GenCollectForAllocation
Event: 792.842 Executing VM operation: GenCollectForAllocation done
Event: 792.982 Thread 0x00007f97584b0800 Uncommon trap: trap_request=0xffffff65 fr.pc=0x00007f976e3c889c
Event: 792.984 Thread 0x00007f97584b0800 DEOPT PACKING pc=0x00007f976e3c889c sp=0x00007f974d6fafe0
Event: 792.984 Thread 0x00007f97584b0800 DEOPT UNPACKING pc=0x00007f976d04547a sp=0x00007f974d6fafb8 mode 2
Event: 793.597 Thread 0x00007f97584b0800 DEOPT PACKING pc=0x00007f976e6a39ec sp=0x00007f974d6fb040
Event: 793.597 Thread 0x00007f97584b0800 DEOPT UNPACKING pc=0x00007f976d0474c4 sp=0x00007f974d6fadf8 mode 0


Dynamic libraries:
c0000000-100940000 rw-p 00000000 00:00 0 
100940000-140000000 ---p 00000000 00:00 0 
556ab6c5b000-556ab6c5c000 r-xp 00000000 fc:01 755977                     /usr/lib/jvm/java-8-openjdk-amd64/jre/bin/java
556ab6e5b000-556ab6e5c000 r--p 00000000 fc:01 755977                     /usr/lib/jvm/java-8-openjdk-amd64/jre/bin/java
556ab6e5c000-556ab6e5d000 rw-p 00001000 fc:01 755977                     /usr/lib/jvm/java-8-openjdk-amd64/jre/bin/java
556ab8a05000-556ab8ace000 rw-p 00000000 00:00 0                          [heap]
7f9744000000-7f97440a6000 rw-p 00000000 00:00 0 
7f97440a6000-7f9748000000 ---p 00000000 00:00 0 
7f9748000000-7f97480c1000 rw-p 00000000 00:00 0 
7f97480c1000-7f974c000000 ---p 00000000 00:00 0 
7f974d1fc000-7f974d3bc000 rw-p 00000000 00:00 0 
7f974d3bc000-7f974d3fc000 ---p 00000000 00:00 0 
7f974d3fc000-7f974d5fc000 rw-p 00000000 00:00 0 
7f974d5fc000-7f974d5ff000 ---p 00000000 00:00 0 
7f974d5ff000-7f974f8ff000 rw-p 00000000 00:00 0 
7f974f8ff000-7f974faff000 rw-p 00000000 00:00 0 
7f974faff000-7f974fb02000 ---p 00000000 00:00 0 
7f974fb02000-7f974fe00000 rw-p 00000000 00:00 0 
7f974fe00000-7f9750000000 rw-p 00000000 00:00 0 
7f9750000000-7f9753fff000 rw-p 00000000 00:00 0 
7f9753fff000-7f9754000000 ---p 00000000 00:00 0 
7f9754000000-7f97552c2000 rw-p 00000000 00:00 0 
7f97552c2000-7f9758000000 ---p 00000000 00:00 0 
7f9758000000-7f9758555000 rw-p 00000000 00:00 0 
7f9758555000-7f975c000000 ---p 00000000 00:00 0 
7f975c030000-7f975c033000 ---p 00000000 00:00 0 
7f975c033000-7f975c131000 rw-p 00000000 00:00 0 
7f975c131000-7f975c134000 ---p 00000000 00:00 0 
7f975c134000-7f975c232000 rw-p 00000000 00:00 0 
7f975c232000-7f975c235000 ---p 00000000 00:00 0 
7f975c235000-7f975c333000 rw-p 00000000 00:00 0 
7f975c333000-7f975c336000 ---p 00000000 00:00 0 
7f975c336000-7f975c434000 rw-p 00000000 00:00 0 
7f975c434000-7f975c437000 ---p 00000000 00:00 0 
7f975c437000-7f975c535000 rw-p 00000000 00:00 0 
7f975c535000-7f975c538000 ---p 00000000 00:00 0 
7f975c538000-7f975c836000 rw-p 00000000 00:00 0 
7f975c836000-7f975ca36000 rw-p 00000000 00:00 0 
7f975ca36000-7f975ca39000 ---p 00000000 00:00 0 
7f975ca39000-7f975cb37000 rw-p 00000000 00:00 0 
7f975cb37000-7f975cb3a000 ---p 00000000 00:00 0 
7f975cb3a000-7f975ce38000 rw-p 00000000 00:00 0 
7f975ce38000-7f975ce45000 r-xp 00000000 fc:01 48                         /tmp/libnetty_transport_native_epoll_x86_643037757659047374970.so (deleted)
7f975ce45000-7f975d044000 ---p 0000d000 fc:01 48                         /tmp/libnetty_transport_native_epoll_x86_643037757659047374970.so (deleted)
7f975d044000-7f975d046000 rw-p 0000c000 fc:01 48                         /tmp/libnetty_transport_native_epoll_x86_643037757659047374970.so (deleted)
7f975d046000-7f975d049000 ---p 00000000 00:00 0 
7f975d049000-7f975d147000 rw-p 00000000 00:00 0 
7f975d147000-7f975d14a000 ---p 00000000 00:00 0 
7f975d14a000-7f975d248000 rw-p 00000000 00:00 0 
7f975d248000-7f975d24b000 ---p 00000000 00:00 0 
7f975d24b000-7f975d349000 rw-p 00000000 00:00 0 
7f975d349000-7f975d34c000 ---p 00000000 00:00 0 
7f975d34c000-7f975d64a000 rw-p 00000000 00:00 0 
7f975d64a000-7f975d84a000 rw-p 00000000 00:00 0 
7f975d84a000-7f975da4a000 rw-p 00000000 00:00 0 
7f975da4a000-7f975dc4a000 rw-p 00000000 00:00 0 
7f975dc4a000-7f975de4a000 rw-p 00000000 00:00 0 
7f975de4a000-7f975de4d000 ---p 00000000 00:00 0 
7f975de4d000-7f975e14b000 rw-p 00000000 00:00 0 
7f975e14b000-7f975e34b000 rw-p 00000000 00:00 0 
7f975e34b000-7f975e54b000 rw-p 00000000 00:00 0 
7f975e54b000-7f975e74b000 rw-p 00000000 00:00 0 
7f975e74b000-7f975e94b000 rw-p 00000000 00:00 0 
7f975e94b000-7f975eb4b000 rw-p 00000000 00:00 0 
7f975eb4b000-7f975ed4b000 rw-p 00000000 00:00 0 
7f975ed4b000-7f975ed62000 r-xp 00000000 fc:01 5230                       /lib/x86_64-linux-gnu/libresolv-2.27.so
7f975ed62000-7f975ef62000 ---p 00017000 fc:01 5230                       /lib/x86_64-linux-gnu/libresolv-2.27.so
7f975ef62000-7f975ef63000 r--p 00017000 fc:01 5230                       /lib/x86_64-linux-gnu/libresolv-2.27.so
7f975ef63000-7f975ef64000 rw-p 00018000 fc:01 5230                       /lib/x86_64-linux-gnu/libresolv-2.27.so
7f975ef64000-7f975ef66000 rw-p 00000000 00:00 0 
7f975ef66000-7f975ef6b000 r-xp 00000000 fc:01 5223                       /lib/x86_64-linux-gnu/libnss_dns-2.27.so
7f975ef6b000-7f975f16b000 ---p 00005000 fc:01 5223                       /lib/x86_64-linux-gnu/libnss_dns-2.27.so
7f975f16b000-7f975f16c000 r--p 00005000 fc:01 5223                       /lib/x86_64-linux-gnu/libnss_dns-2.27.so
7f975f16c000-7f975f16d000 rw-p 00006000 fc:01 5223                       /lib/x86_64-linux-gnu/libnss_dns-2.27.so
7f975f16d000-7f975f36d000 rw-p 00000000 00:00 0 
7f975f36d000-7f975f376000 r-xp 00000000 fc:01 756013                     /usr/lib/jvm/java-8-openjdk-amd64/jre/lib/amd64/libmanagement.so
7f975f376000-7f975f575000 ---p 00009000 fc:01 756013                     /usr/lib/jvm/java-8-openjdk-amd64/jre/lib/amd64/libmanagement.so
7f975f575000-7f975f576000 r--p 00008000 fc:01 756013                     /usr/lib/jvm/java-8-openjdk-amd64/jre/lib/amd64/libmanagement.so
7f975f576000-7f975f577000 rw-p 00009000 fc:01 756013                     /usr/lib/jvm/java-8-openjdk-amd64/jre/lib/amd64/libmanagement.so
7f975f577000-7f975f58e000 r-xp 00000000 fc:01 756015                     /usr/lib/jvm/java-8-openjdk-amd64/jre/lib/amd64/libnet.so
7f975f58e000-7f975f78d000 ---p 00017000 fc:01 756015                     /usr/lib/jvm/java-8-openjdk-amd64/jre/lib/amd64/libnet.so
7f975f78d000-7f975f78e000 r--p 00016000 fc:01 756015                     /usr/lib/jvm/java-8-openjdk-amd64/jre/lib/amd64/libnet.so
7f975f78e000-7f975f78f000 rw-p 00017000 fc:01 756015                     /usr/lib/jvm/java-8-openjdk-amd64/jre/lib/amd64/libnet.so
7f975f78f000-7f975f7a1000 r-xp 00000000 fc:01 756016                     /usr/lib/jvm/java-8-openjdk-amd64/jre/lib/amd64/libnio.so
7f975f7a1000-7f975f9a0000 ---p 00012000 fc:01 756016                     /usr/lib/jvm/java-8-openjdk-amd64/jre/lib/amd64/libnio.so
7f975f9a0000-7f975f9a1000 r--p 00011000 fc:01 756016                     /usr/lib/jvm/java-8-openjdk-amd64/jre/lib/amd64/libnio.so
7f975f9a1000-7f975f9a2000 rw-p 00012000 fc:01 756016                     /usr/lib/jvm/java-8-openjdk-amd64/jre/lib/amd64/libnio.so
7f975f9a2000-7f975fbfc000 r--s 02026000 fc:01 383848                     /home/minecraft/server.jar
7f975fbfc000-7f975fbfd000 ---p 00000000 00:00 0 
7f975fbfd000-7f975fcfd000 rw-p 00000000 00:00 0 
7f975fcfd000-7f975fd00000 ---p 00000000 00:00 0 
7f975fd00000-7f975fdfe000 rw-p 00000000 00:00 0 
7f975fdfe000-7f975fdff000 ---p 00000000 00:00 0 
7f975fdff000-7f975fe02000 ---p 00000000 00:00 0 
7f975fe02000-7f975feff000 rw-p 00000000 00:00 0 
7f975feff000-7f975ff00000 ---p 00000000 00:00 0 
7f975ff00000-7f975ff03000 ---p 00000000 00:00 0 
7f975ff03000-7f9760000000 rw-p 00000000 00:00 0 
7f9760000000-7f976011d000 rw-p 00000000 00:00 0 
7f976011d000-7f9764000000 ---p 00000000 00:00 0 
7f9764000000-7f9764021000 rw-p 00000000 00:00 0 
7f9764021000-7f9768000000 ---p 00000000 00:00 0 
7f9768000000-7f9768127000 rw-p 00000000 00:00 0 
7f9768127000-7f976c000000 ---p 00000000 00:00 0 
7f976c029000-7f976c02c000 ---p 00000000 00:00 0 
7f976c02c000-7f976c12a000 rw-p 00000000 00:00 0 
7f976c12a000-7f976c12d000 ---p 00000000 00:00 0 
7f976c12d000-7f976c22b000 rw-p 00000000 00:00 0 
7f976c22b000-7f976c22e000 ---p 00000000 00:00 0 
7f976c22e000-7f976c32c000 rw-p 00000000 00:00 0 
7f976c32c000-7f976c32d000 ---p 00000000 00:00 0 
7f976c32d000-7f976c42d000 rw-p 00000000 00:00 0 
7f976c42d000-7f976c5ff000 r--s 03ca5000 fc:01 756066                     /usr/lib/jvm/java-8-openjdk-amd64/jre/lib/rt.jar
7f976c5ff000-7f976cdff000 rw-p 00000000 00:00 0 
7f976cdff000-7f976cfff000 rw-p 00000000 00:00 0 
7f976cfff000-7f976d000000 rw-p 00000000 00:00 0 
7f976d000000-7f976f520000 rwxp 00000000 00:00 0 
7f976f530000-7f977c000000 ---p 00000000 00:00 0 
7f977c000000-7f977cb4c000 rw-p 00000000 00:00 0 
7f977cb4c000-7f9780000000 ---p 00000000 00:00 0 
7f9780000000-7f9780005000 r--s 000a7000 fc:01 756060                     /usr/lib/jvm/java-8-openjdk-amd64/jre/lib/jsse.jar
7f9780005000-7f9780020000 r--s 001d6000 fc:01 756042                     /usr/lib/jvm/java-8-openjdk-amd64/jre/lib/ext/nashorn.jar
7f9780020000-7f978003b000 r--s 00394000 fc:01 756037                     /usr/lib/jvm/java-8-openjdk-amd64/jre/lib/ext/cldrdata.jar
7f978003b000-7f9780274000 rw-p 00000000 00:00 0 
7f9780274000-7f978059f000 ---p 00000000 00:00 0 
7f978059f000-7f97805a7000 r-xp 00000000 fc:01 756023                     /usr/lib/jvm/java-8-openjdk-amd64/jre/lib/amd64/libzip.so
7f97805a7000-7f97807a6000 ---p 00008000 fc:01 756023                     /usr/lib/jvm/java-8-openjdk-amd64/jre/lib/amd64/libzip.so
7f97807a6000-7f97807a7000 r--p 00007000 fc:01 756023                     /usr/lib/jvm/java-8-openjdk-amd64/jre/lib/amd64/libzip.so
7f97807a7000-7f97807a8000 rw-p 00008000 fc:01 756023                     /usr/lib/jvm/java-8-openjdk-amd64/jre/lib/amd64/libzip.so
7f97807a8000-7f97807b3000 r-xp 00000000 fc:01 5224                       /lib/x86_64-linux-gnu/libnss_files-2.27.so
7f97807b3000-7f97809b2000 ---p 0000b000 fc:01 5224                       /lib/x86_64-linux-gnu/libnss_files-2.27.so
7f97809b2000-7f97809b3000 r--p 0000a000 fc:01 5224                       /lib/x86_64-linux-gnu/libnss_files-2.27.so
7f97809b3000-7f97809b4000 rw-p 0000b000 fc:01 5224                       /lib/x86_64-linux-gnu/libnss_files-2.27.so
7f97809b4000-7f97809ba000 rw-p 00000000 00:00 0 
7f97809ba000-7f97809d1000 r-xp 00000000 fc:01 5221                       /lib/x86_64-linux-gnu/libnsl-2.27.so
7f97809d1000-7f9780bd0000 ---p 00017000 fc:01 5221                       /lib/x86_64-linux-gnu/libnsl-2.27.so
7f9780bd0000-7f9780bd1000 r--p 00016000 fc:01 5221                       /lib/x86_64-linux-gnu/libnsl-2.27.so
7f9780bd1000-7f9780bd2000 rw-p 00017000 fc:01 5221                       /lib/x86_64-linux-gnu/libnsl-2.27.so
7f9780bd2000-7f9780bd4000 rw-p 00000000 00:00 0 
7f9780bd4000-7f9780bdf000 r-xp 00000000 fc:01 5226                       /lib/x86_64-linux-gnu/libnss_nis-2.27.so
7f9780bdf000-7f9780dde000 ---p 0000b000 fc:01 5226                       /lib/x86_64-linux-gnu/libnss_nis-2.27.so
7f9780dde000-7f9780ddf000 r--p 0000a000 fc:01 5226                       /lib/x86_64-linux-gnu/libnss_nis-2.27.so
7f9780ddf000-7f9780de0000 rw-p 0000b000 fc:01 5226                       /lib/x86_64-linux-gnu/libnss_nis-2.27.so
7f9780de0000-7f9780de8000 r-xp 00000000 fc:01 5222                       /lib/x86_64-linux-gnu/libnss_compat-2.27.so
7f9780de8000-7f9780fe8000 ---p 00008000 fc:01 5222                       /lib/x86_64-linux-gnu/libnss_compat-2.27.so
7f9780fe8000-7f9780fe9000 r--p 00008000 fc:01 5222                       /lib/x86_64-linux-gnu/libnss_compat-2.27.so
7f9780fe9000-7f9780fea000 rw-p 00009000 fc:01 5222                       /lib/x86_64-linux-gnu/libnss_compat-2.27.so
7f9780fea000-7f9781014000 r-xp 00000000 fc:01 756004                     /usr/lib/jvm/java-8-openjdk-amd64/jre/lib/amd64/libjava.so
7f9781014000-7f9781213000 ---p 0002a000 fc:01 756004                     /usr/lib/jvm/java-8-openjdk-amd64/jre/lib/amd64/libjava.so
7f9781213000-7f9781214000 r--p 00029000 fc:01 756004                     /usr/lib/jvm/java-8-openjdk-amd64/jre/lib/amd64/libjava.so
7f9781214000-7f9781216000 rw-p 0002a000 fc:01 756004                     /usr/lib/jvm/java-8-openjdk-amd64/jre/lib/amd64/libjava.so
7f9781216000-7f9781226000 r-xp 00000000 fc:01 756022                     /usr/lib/jvm/java-8-openjdk-amd64/jre/lib/amd64/libverify.so
7f9781226000-7f9781425000 ---p 00010000 fc:01 756022                     /usr/lib/jvm/java-8-openjdk-amd64/jre/lib/amd64/libverify.so
7f9781425000-7f9781427000 r--p 0000f000 fc:01 756022                     /usr/lib/jvm/java-8-openjdk-amd64/jre/lib/amd64/libverify.so
7f9781427000-7f9781428000 rw-p 00011000 fc:01 756022                     /usr/lib/jvm/java-8-openjdk-amd64/jre/lib/amd64/libverify.so
7f9781428000-7f978142f000 r-xp 00000000 fc:01 5231                       /lib/x86_64-linux-gnu/librt-2.27.so
7f978142f000-7f978162e000 ---p 00007000 fc:01 5231                       /lib/x86_64-linux-gnu/librt-2.27.so
7f978162e000-7f978162f000 r--p 00006000 fc:01 5231                       /lib/x86_64-linux-gnu/librt-2.27.so
7f978162f000-7f9781630000 rw-p 00007000 fc:01 5231                       /lib/x86_64-linux-gnu/librt-2.27.so
7f9781630000-7f9781647000 r-xp 00000000 fc:01 425                        /lib/x86_64-linux-gnu/libgcc_s.so.1
7f9781647000-7f9781846000 ---p 00017000 fc:01 425                        /lib/x86_64-linux-gnu/libgcc_s.so.1
7f9781846000-7f9781847000 r--p 00016000 fc:01 425                        /lib/x86_64-linux-gnu/libgcc_s.so.1
7f9781847000-7f9781848000 rw-p 00017000 fc:01 425                        /lib/x86_64-linux-gnu/libgcc_s.so.1
7f9781848000-7f97819e5000 r-xp 00000000 fc:01 5217                       /lib/x86_64-linux-gnu/libm-2.27.so
7f97819e5000-7f9781be4000 ---p 0019d000 fc:01 5217                       /lib/x86_64-linux-gnu/libm-2.27.so
7f9781be4000-7f9781be5000 r--p 0019c000 fc:01 5217                       /lib/x86_64-linux-gnu/libm-2.27.so
7f9781be5000-7f9781be6000 rw-p 0019d000 fc:01 5217                       /lib/x86_64-linux-gnu/libm-2.27.so
7f9781be6000-7f9781d5f000 r-xp 00000000 fc:01 256                        /usr/lib/x86_64-linux-gnu/libstdc++.so.6.0.25
7f9781d5f000-7f9781f5f000 ---p 00179000 fc:01 256                        /usr/lib/x86_64-linux-gnu/libstdc++.so.6.0.25
7f9781f5f000-7f9781f69000 r--p 00179000 fc:01 256                        /usr/lib/x86_64-linux-gnu/libstdc++.so.6.0.25
7f9781f69000-7f9781f6b000 rw-p 00183000 fc:01 256                        /usr/lib/x86_64-linux-gnu/libstdc++.so.6.0.25
7f9781f6b000-7f9781f6f000 rw-p 00000000 00:00 0 
7f9781f6f000-7f9782c13000 r-xp 00000000 fc:01 756026                     /usr/lib/jvm/java-8-openjdk-amd64/jre/lib/amd64/server/libjvm.so
7f9782c13000-7f9782e13000 ---p 00ca4000 fc:01 756026                     /usr/lib/jvm/java-8-openjdk-amd64/jre/lib/amd64/server/libjvm.so
7f9782e13000-7f9782ea7000 r--p 00ca4000 fc:01 756026                     /usr/lib/jvm/java-8-openjdk-amd64/jre/lib/amd64/server/libjvm.so
7f9782ea7000-7f9782ed0000 rw-p 00d38000 fc:01 756026                     /usr/lib/jvm/java-8-openjdk-amd64/jre/lib/amd64/server/libjvm.so
7f9782ed0000-7f9782f00000 rw-p 00000000 00:00 0 
7f9782f00000-7f9782f1a000 r-xp 00000000 fc:01 5229                       /lib/x86_64-linux-gnu/libpthread-2.27.so
7f9782f1a000-7f9783119000 ---p 0001a000 fc:01 5229                       /lib/x86_64-linux-gnu/libpthread-2.27.so
7f9783119000-7f978311a000 r--p 00019000 fc:01 5229                       /lib/x86_64-linux-gnu/libpthread-2.27.so
7f978311a000-7f978311b000 rw-p 0001a000 fc:01 5229                       /lib/x86_64-linux-gnu/libpthread-2.27.so
7f978311b000-7f978311f000 rw-p 00000000 00:00 0 
7f978311f000-7f9783122000 r-xp 00000000 fc:01 5216                       /lib/x86_64-linux-gnu/libdl-2.27.so
7f9783122000-7f9783321000 ---p 00003000 fc:01 5216                       /lib/x86_64-linux-gnu/libdl-2.27.so
7f9783321000-7f9783322000 r--p 00002000 fc:01 5216                       /lib/x86_64-linux-gnu/libdl-2.27.so
7f9783322000-7f9783323000 rw-p 00003000 fc:01 5216                       /lib/x86_64-linux-gnu/libdl-2.27.so
7f9783323000-7f978333f000 r-xp 00000000 fc:01 894                        /lib/x86_64-linux-gnu/libz.so.1.2.11
7f978333f000-7f978353e000 ---p 0001c000 fc:01 894                        /lib/x86_64-linux-gnu/libz.so.1.2.11
7f978353e000-7f978353f000 r--p 0001b000 fc:01 894                        /lib/x86_64-linux-gnu/libz.so.1.2.11
7f978353f000-7f9783540000 rw-p 0001c000 fc:01 894                        /lib/x86_64-linux-gnu/libz.so.1.2.11
7f9783540000-7f9783727000 r-xp 00000000 fc:01 5151                       /lib/x86_64-linux-gnu/libc-2.27.so
7f9783727000-7f9783927000 ---p 001e7000 fc:01 5151                       /lib/x86_64-linux-gnu/libc-2.27.so
7f9783927000-7f978392b000 r--p 001e7000 fc:01 5151                       /lib/x86_64-linux-gnu/libc-2.27.so
7f978392b000-7f978392d000 rw-p 001eb000 fc:01 5151                       /lib/x86_64-linux-gnu/libc-2.27.so
7f978392d000-7f9783931000 rw-p 00000000 00:00 0 
7f9783931000-7f978393f000 r-xp 00000000 fc:01 755990                     /usr/lib/jvm/java-8-openjdk-amd64/jre/lib/amd64/jli/libjli.so
7f978393f000-7f9783b3e000 ---p 0000e000 fc:01 755990                     /usr/lib/jvm/java-8-openjdk-amd64/jre/lib/amd64/jli/libjli.so
7f9783b3e000-7f9783b3f000 r--p 0000d000 fc:01 755990                     /usr/lib/jvm/java-8-openjdk-amd64/jre/lib/amd64/jli/libjli.so
7f9783b3f000-7f9783b40000 rw-p 0000e000 fc:01 755990                     /usr/lib/jvm/java-8-openjdk-amd64/jre/lib/amd64/jli/libjli.so
7f9783b40000-7f9783b67000 r-xp 00000000 fc:01 909                        /lib/x86_64-linux-gnu/ld-2.27.so
7f9783b67000-7f9783b69000 r--s 00016000 fc:01 756058                     /usr/lib/jvm/java-8-openjdk-amd64/jre/lib/jce.jar
7f9783b69000-7f9783b6f000 r--s 0003d000 fc:01 756044                     /usr/lib/jvm/java-8-openjdk-amd64/jre/lib/ext/sunjce_provider.jar
7f9783b6f000-7f9783b70000 r--s 0000a000 fc:01 756040                     /usr/lib/jvm/java-8-openjdk-amd64/jre/lib/ext/jaccess.jar
7f9783b70000-7f9783b7a000 r--s 00116000 fc:01 756041                     /usr/lib/jvm/java-8-openjdk-amd64/jre/lib/ext/localedata.jar
7f9783b7a000-7f9783b7e000 r--s 0003a000 fc:01 756045                     /usr/lib/jvm/java-8-openjdk-amd64/jre/lib/ext/sunpkcs11.jar
7f9783b7e000-7f9783b81000 r--s 0000f000 fc:01 756039                     /usr/lib/jvm/java-8-openjdk-amd64/jre/lib/ext/icedtea-sound.jar
7f9783b81000-7f9783c52000 rw-p 00000000 00:00 0 
7f9783c52000-7f9783c5a000 rw-s 00000000 fc:01 262484                     /tmp/hsperfdata_minecraft/1399
7f9783c5a000-7f9783c5b000 ---p 00000000 00:00 0 
7f9783c5b000-7f9783c5e000 ---p 00000000 00:00 0 
7f9783c5e000-7f9783d5d000 rw-p 00000000 00:00 0 
7f9783d5d000-7f9783d5e000 r--s 00010000 fc:01 756046                     /usr/lib/jvm/java-8-openjdk-amd64/jre/lib/ext/zipfs.jar
7f9783d5e000-7f9783d5f000 r--s 0000d000 fc:01 756043                     /usr/lib/jvm/java-8-openjdk-amd64/jre/lib/ext/sunec.jar
7f9783d5f000-7f9783d61000 r--s 00007000 fc:01 17484                      /usr/share/java/java-atk-wrapper.jar
7f9783d61000-7f9783d63000 r--s 00001000 fc:01 756038                     /usr/lib/jvm/java-8-openjdk-amd64/jre/lib/ext/dnsns.jar
7f9783d63000-7f9783d64000 rw-p 00000000 00:00 0 
7f9783d64000-7f9783d65000 r--p 00000000 00:00 0 
7f9783d65000-7f9783d67000 rw-p 00000000 00:00 0 
7f9783d67000-7f9783d68000 r--p 00027000 fc:01 909                        /lib/x86_64-linux-gnu/ld-2.27.so
7f9783d68000-7f9783d69000 rw-p 00028000 fc:01 909                        /lib/x86_64-linux-gnu/ld-2.27.so
7f9783d69000-7f9783d6a000 rw-p 00000000 00:00 0 
7ffd9e30c000-7ffd9e32d000 rw-p 00000000 00:00 0                          [stack]
7ffd9e364000-7ffd9e367000 r--p 00000000 00:00 0                          [vvar]
7ffd9e367000-7ffd9e369000 r-xp 00000000 00:00 0                          [vdso]
ffffffffff600000-ffffffffff601000 r-xp 00000000 00:00 0                  [vsyscall]

VM Arguments:
jvm_args: -Xmx1024M -Xms1024M 
java_command: server.jar nogui
java_class_path (initial): server.jar
Launcher Type: SUN_STANDARD

Environment Variables:
PATH=/usr/local/sbin:/usr/local/bin:/usr/sbin:/usr/bin:/sbin:/bin:/usr/games:/usr/local/games:/snap/bin
SHELL=/bin/bash

Signal Handlers:
SIGSEGV: [libjvm.so+0xabd470], sa_mask[0]=11111111011111111101111111111110, sa_flags=SA_RESTART|SA_SIGINFO
SIGBUS: [libjvm.so+0xabd470], sa_mask[0]=11111111011111111101111111111110, sa_flags=SA_RESTART|SA_SIGINFO
SIGFPE: [libjvm.so+0x8f1c90], sa_mask[0]=11111111011111111101111111111110, sa_flags=SA_RESTART|SA_SIGINFO
SIGPIPE: [libjvm.so+0x8f1c90], sa_mask[0]=11111111011111111101111111111110, sa_flags=SA_RESTART|SA_SIGINFO
SIGXFSZ: [libjvm.so+0x8f1c90], sa_mask[0]=11111111011111111101111111111110, sa_flags=SA_RESTART|SA_SIGINFO
SIGILL: [libjvm.so+0x8f1c90], sa_mask[0]=11111111011111111101111111111110, sa_flags=SA_RESTART|SA_SIGINFO
SIGUSR1: SIG_DFL, sa_mask[0]=00000000000000000000000000000000, sa_flags=none
SIGUSR2: [libjvm.so+0x8f1b40], sa_mask[0]=00000000000000000000000000000000, sa_flags=SA_RESTART|SA_SIGINFO
SIGHUP: [libjvm.so+0x8f21b0], sa_mask[0]=11111111011111111101111111111110, sa_flags=SA_RESTART|SA_SIGINFO
SIGINT: [libjvm.so+0x8f21b0], sa_mask[0]=11111111011111111101111111111110, sa_flags=SA_RESTART|SA_SIGINFO
SIGTERM: [libjvm.so+0x8f21b0], sa_mask[0]=11111111011111111101111111111110, sa_flags=SA_RESTART|SA_SIGINFO
SIGQUIT: [libjvm.so+0x8f21b0], sa_mask[0]=11111111011111111101111111111110, sa_flags=SA_RESTART|SA_SIGINFO


---------------  S Y S T E M  ---------------

OS:DISTRIB_ID=Ubuntu
DISTRIB_RELEASE=18.04
DISTRIB_CODENAME=bionic
DISTRIB_DESCRIPTION="Ubuntu 18.04.4 LTS"

uname:Linux 4.15.0-99-generic #100-Ubuntu SMP Wed Apr 22 20:32:56 UTC 2020 x86_64
libc:glibc 2.27 NPTL 2.27 
rlimit: STACK 8192k, CORE 0k, NPROC 3824, NOFILE 1048576, AS infinity
load average:0.75 0.53 0.30

/proc/meminfo:
MemTotal:        1008720 kB
MemFree:           51960 kB
MemAvailable:          0 kB
Buffers:             604 kB
Cached:            14784 kB
SwapCached:            0 kB
Active:           894468 kB
Inactive:          14368 kB
Active(anon):     893900 kB
Inactive(anon):     2544 kB
Active(file):        568 kB
Inactive(file):    11824 kB
Unevictable:           0 kB
Mlocked:               0 kB
SwapTotal:             0 kB
SwapFree:              0 kB
Dirty:                52 kB
Writeback:             0 kB
AnonPages:        893468 kB
Mapped:             8868 kB
Shmem:              2976 kB
Slab:              25076 kB
SReclaimable:      12840 kB
SUnreclaim:        12236 kB
KernelStack:        1792 kB
PageTables:         5248 kB
NFS_Unstable:          0 kB
Bounce:                0 kB
WritebackTmp:          0 kB
CommitLimit:      504360 kB
Committed_AS:    1358536 kB
VmallocTotal:   34359738367 kB
VmallocUsed:           0 kB
VmallocChunk:          0 kB
HardwareCorrupted:     0 kB
AnonHugePages:         0 kB
ShmemHugePages:        0 kB
ShmemPmdMapped:        0 kB
CmaTotal:              0 kB
CmaFree:               0 kB
HugePages_Total:       0
HugePages_Free:        0
HugePages_Rsvd:        0
HugePages_Surp:        0
Hugepagesize:       2048 kB
DirectMap4k:       49008 kB
DirectMap2M:      999424 kB
DirectMap1G:           0 kB

container (cgroup) information:
container_type: cgroupv1
cpu_cpuset_cpus: 0
cpu_memory_nodes: 0
active_processor_count: 1
cpu_quota: -1
cpu_period: 100000
cpu_shares: -1
memory_limit_in_bytes: -1
memory_and_swap_limit_in_bytes: -2
memory_soft_limit_in_bytes: -1
memory_usage_in_bytes: 930922496
memory_max_usage_in_bytes: 0


CPU:total 1 (initial active 1) (1 cores per cpu, 1 threads per core) family 6 model 85 stepping 4, cmov, cx8, fxsr, mmx, sse, sse2, sse3, ssse3, sse4.1, sse4.2, popcnt, avx, avx2, aes, clmul, erms, rtm, 3dnowpref, lzcnt, tsc, bmi1, bmi2, adx

/proc/cpuinfo:
processor	: 0
vendor_id	: GenuineIntel
cpu family	: 6
model		: 85
model name	: Intel(R) Xeon(R) Gold 6136 CPU @ 3.00GHz
stepping	: 4
microcode	: 0x1
cpu MHz		: 2992.968
cache size	: 16384 KB
physical id	: 0
siblings	: 1
core id		: 0
cpu cores	: 1
apicid		: 0
initial apicid	: 0
fpu		: yes
fpu_exception	: yes
cpuid level	: 13
wp		: yes
flags		: fpu vme de pse tsc msr pae mce cx8 apic sep mtrr pge mca cmov pat pse36 clflush mmx fxsr sse sse2 ss syscall nx pdpe1gb rdtscp lm constant_tsc arch_perfmon rep_good nopl xtopology cpuid tsc_known_freq pni pclmulqdq ssse3 fma cx16 pcid sse4_1 sse4_2 x2apic movbe popcnt tsc_deadline_timer aes xsave avx f16c rdrand hypervisor lahf_lm abm 3dnowprefetch cpuid_fault invpcid_single pti ssbd ibrs ibpb fsgsbase tsc_adjust bmi1 hle avx2 smep bmi2 erms invpcid rtm mpx avx512f avx512dq rdseed adx smap clflushopt clwb avx512cd avx512bw avx512vl xsaveopt xsavec xgetbv1 xsaves arat umip pku ospke
bugs		: cpu_meltdown spectre_v1 spectre_v2 spec_store_bypass l1tf mds swapgs taa itlb_multihit
bogomips	: 5985.93
clflush size	: 64
cache_alignment	: 64
address sizes	: 40 bits physical, 48 bits virtual
power management:



Memory: 4k page, physical 1008720k(51712k free), swap 0k(0k free)

vm_info: OpenJDK 64-Bit Server VM (25.252-b09) for linux-amd64 JRE (1.8.0_252-8u252-b09-1~18.04-b09), built on Apr 15 2020 18:48:05 by "buildd" with gcc 7.5.0

time: Fri May  1 15:57:05 2020
timezone: UTC
elapsed time: 794 seconds (0d 0h 13m 14s)

