#
# There is insufficient memory for the Java Runtime Environment to continue.
# Native memory allocation (mmap) failed to map 357892096 bytes for committing reserved memory.
# Possible reasons:
#   The system is out of physical RAM or swap space
#   The process is running with CompressedOops enabled, and the Java Heap may be blocking the growth of the native heap
# Possible solutions:
#   Reduce memory load on the system
#   Increase physical memory or swap space
#   Check if swap backing store is full
#   Decrease Java heap size (-Xmx/-Xms)
#   Decrease number of Java threads
#   Decrease Java thread stack sizes (-Xss)
#   Set larger code cache with -XX:ReservedCodeCacheSize=
# This output file may be truncated or incomplete.
#
#  Out of Memory Error (os_linux.cpp:2757), pid=4351, tid=0x00007f93c52d9700
#
# JRE version:  (8.0_252-b09) (build )
# Java VM: OpenJDK 64-Bit Server VM (25.252-b09 mixed mode linux-amd64 compressed oops)
# Failed to write core dump. Core dumps have been disabled. To enable core dumping, try "ulimit -c unlimited" before starting Java again
#

---------------  T H R E A D  ---------------

Current thread (0x00007f93bc00b000):  JavaThread "Unknown thread" [_thread_in_vm, id=4352, stack(0x00007f93c51da000,0x00007f93c52da000)]

Stack: [0x00007f93c51da000,0x00007f93c52da000],  sp=0x00007f93c52d8570,  free space=1017k
Native frames: (J=compiled Java code, j=interpreted, Vv=VM code, C=native code)
V  [libjvm.so+0xabcb22]
V  [libjvm.so+0x4de337]
V  [libjvm.so+0x8f6ad0]
V  [libjvm.so+0x8edb9e]
V  [libjvm.so+0xab8d6c]
V  [libjvm.so+0x5e6e96]
V  [libjvm.so+0x4e85ff]
V  [libjvm.so+0x5e88bd]
V  [libjvm.so+0x5d2a0f]
V  [libjvm.so+0xa7ee4a]
V  [libjvm.so+0xa7f145]
V  [libjvm.so+0x62c43f]
V  [libjvm.so+0xa62b93]
V  [libjvm.so+0x6af791]  JNI_CreateJavaVM+0x61
C  [libjli.so+0x2ce3]
C  [libjli.so+0x78cd]
C  [libpthread.so.0+0x76db]  start_thread+0xdb


---------------  P R O C E S S  ---------------

Java Threads: ( => current thread )

Other Threads:

=>0x00007f93bc00b000 (exited) JavaThread "Unknown thread" [_thread_in_vm, id=4352, stack(0x00007f93c51da000,0x00007f93c52da000)]

VM state:not at safepoint (not fully initialized)

VM Mutex/Monitor currently owned by a thread: None

heap address: 0x00000000c0000000, size: 1024 MB, Compressed Oops mode: Non-zero based:0x00000000bffff000
Narrow klass base: 0x0000000000000000, Narrow klass shift: 0

GC Heap History (0 events):
No events

Deoptimization events (0 events):
No events

Classes redefined (0 events):
No events

Internal exceptions (0 events):
No events

Events (0 events):
No events


Dynamic libraries:
d5550000-100000000 ---p 00000000 00:00 0 
55661086d000-55661086e000 r-xp 00000000 fc:01 755977                     /usr/lib/jvm/java-8-openjdk-amd64/jre/bin/java
556610a6d000-556610a6e000 r--p 00000000 fc:01 755977                     /usr/lib/jvm/java-8-openjdk-amd64/jre/bin/java
556610a6e000-556610a6f000 rw-p 00001000 fc:01 755977                     /usr/lib/jvm/java-8-openjdk-amd64/jre/bin/java
5566128af000-5566128d0000 rw-p 00000000 00:00 0                          [heap]
7f93ad000000-7f93ad270000 rwxp 00000000 00:00 0 
7f93ad270000-7f93bc000000 ---p 00000000 00:00 0 
7f93bc000000-7f93bc032000 rw-p 00000000 00:00 0 
7f93bc032000-7f93c0000000 ---p 00000000 00:00 0 
7f93c155d000-7f93c175d000 ---p 00000000 00:00 0 
7f93c175d000-7f93c1768000 rw-p 00000000 00:00 0 
7f93c1768000-7f93c1b1e000 ---p 00000000 00:00 0 
7f93c1b1e000-7f93c1b26000 r-xp 00000000 fc:01 756023                     /usr/lib/jvm/java-8-openjdk-amd64/jre/lib/amd64/libzip.so
7f93c1b26000-7f93c1d25000 ---p 00008000 fc:01 756023                     /usr/lib/jvm/java-8-openjdk-amd64/jre/lib/amd64/libzip.so
7f93c1d25000-7f93c1d26000 r--p 00007000 fc:01 756023                     /usr/lib/jvm/java-8-openjdk-amd64/jre/lib/amd64/libzip.so
7f93c1d26000-7f93c1d27000 rw-p 00008000 fc:01 756023                     /usr/lib/jvm/java-8-openjdk-amd64/jre/lib/amd64/libzip.so
7f93c1d27000-7f93c1d32000 r-xp 00000000 fc:01 5224                       /lib/x86_64-linux-gnu/libnss_files-2.27.so
7f93c1d32000-7f93c1f31000 ---p 0000b000 fc:01 5224                       /lib/x86_64-linux-gnu/libnss_files-2.27.so
7f93c1f31000-7f93c1f32000 r--p 0000a000 fc:01 5224                       /lib/x86_64-linux-gnu/libnss_files-2.27.so
7f93c1f32000-7f93c1f33000 rw-p 0000b000 fc:01 5224                       /lib/x86_64-linux-gnu/libnss_files-2.27.so
7f93c1f33000-7f93c1f39000 rw-p 00000000 00:00 0 
7f93c1f39000-7f93c1f50000 r-xp 00000000 fc:01 5221                       /lib/x86_64-linux-gnu/libnsl-2.27.so
7f93c1f50000-7f93c214f000 ---p 00017000 fc:01 5221                       /lib/x86_64-linux-gnu/libnsl-2.27.so
7f93c214f000-7f93c2150000 r--p 00016000 fc:01 5221                       /lib/x86_64-linux-gnu/libnsl-2.27.so
7f93c2150000-7f93c2151000 rw-p 00017000 fc:01 5221                       /lib/x86_64-linux-gnu/libnsl-2.27.so
7f93c2151000-7f93c2153000 rw-p 00000000 00:00 0 
7f93c2153000-7f93c215e000 r-xp 00000000 fc:01 5226                       /lib/x86_64-linux-gnu/libnss_nis-2.27.so
7f93c215e000-7f93c235d000 ---p 0000b000 fc:01 5226                       /lib/x86_64-linux-gnu/libnss_nis-2.27.so
7f93c235d000-7f93c235e000 r--p 0000a000 fc:01 5226                       /lib/x86_64-linux-gnu/libnss_nis-2.27.so
7f93c235e000-7f93c235f000 rw-p 0000b000 fc:01 5226                       /lib/x86_64-linux-gnu/libnss_nis-2.27.so
7f93c235f000-7f93c2367000 r-xp 00000000 fc:01 5222                       /lib/x86_64-linux-gnu/libnss_compat-2.27.so
7f93c2367000-7f93c2567000 ---p 00008000 fc:01 5222                       /lib/x86_64-linux-gnu/libnss_compat-2.27.so
7f93c2567000-7f93c2568000 r--p 00008000 fc:01 5222                       /lib/x86_64-linux-gnu/libnss_compat-2.27.so
7f93c2568000-7f93c2569000 rw-p 00009000 fc:01 5222                       /lib/x86_64-linux-gnu/libnss_compat-2.27.so
7f93c2569000-7f93c2593000 r-xp 00000000 fc:01 756004                     /usr/lib/jvm/java-8-openjdk-amd64/jre/lib/amd64/libjava.so
7f93c2593000-7f93c2792000 ---p 0002a000 fc:01 756004                     /usr/lib/jvm/java-8-openjdk-amd64/jre/lib/amd64/libjava.so
7f93c2792000-7f93c2793000 r--p 00029000 fc:01 756004                     /usr/lib/jvm/java-8-openjdk-amd64/jre/lib/amd64/libjava.so
7f93c2793000-7f93c2795000 rw-p 0002a000 fc:01 756004                     /usr/lib/jvm/java-8-openjdk-amd64/jre/lib/amd64/libjava.so
7f93c2795000-7f93c27a5000 r-xp 00000000 fc:01 756022                     /usr/lib/jvm/java-8-openjdk-amd64/jre/lib/amd64/libverify.so
7f93c27a5000-7f93c29a4000 ---p 00010000 fc:01 756022                     /usr/lib/jvm/java-8-openjdk-amd64/jre/lib/amd64/libverify.so
7f93c29a4000-7f93c29a6000 r--p 0000f000 fc:01 756022                     /usr/lib/jvm/java-8-openjdk-amd64/jre/lib/amd64/libverify.so
7f93c29a6000-7f93c29a7000 rw-p 00011000 fc:01 756022                     /usr/lib/jvm/java-8-openjdk-amd64/jre/lib/amd64/libverify.so
7f93c29a7000-7f93c29ae000 r-xp 00000000 fc:01 5231                       /lib/x86_64-linux-gnu/librt-2.27.so
7f93c29ae000-7f93c2bad000 ---p 00007000 fc:01 5231                       /lib/x86_64-linux-gnu/librt-2.27.so
7f93c2bad000-7f93c2bae000 r--p 00006000 fc:01 5231                       /lib/x86_64-linux-gnu/librt-2.27.so
7f93c2bae000-7f93c2baf000 rw-p 00007000 fc:01 5231                       /lib/x86_64-linux-gnu/librt-2.27.so
7f93c2baf000-7f93c2bc6000 r-xp 00000000 fc:01 425                        /lib/x86_64-linux-gnu/libgcc_s.so.1
7f93c2bc6000-7f93c2dc5000 ---p 00017000 fc:01 425                        /lib/x86_64-linux-gnu/libgcc_s.so.1
7f93c2dc5000-7f93c2dc6000 r--p 00016000 fc:01 425                        /lib/x86_64-linux-gnu/libgcc_s.so.1
7f93c2dc6000-7f93c2dc7000 rw-p 00017000 fc:01 425                        /lib/x86_64-linux-gnu/libgcc_s.so.1
7f93c2dc7000-7f93c2f64000 r-xp 00000000 fc:01 5217                       /lib/x86_64-linux-gnu/libm-2.27.so
7f93c2f64000-7f93c3163000 ---p 0019d000 fc:01 5217                       /lib/x86_64-linux-gnu/libm-2.27.so
7f93c3163000-7f93c3164000 r--p 0019c000 fc:01 5217                       /lib/x86_64-linux-gnu/libm-2.27.so
7f93c3164000-7f93c3165000 rw-p 0019d000 fc:01 5217                       /lib/x86_64-linux-gnu/libm-2.27.so
7f93c3165000-7f93c32de000 r-xp 00000000 fc:01 256                        /usr/lib/x86_64-linux-gnu/libstdc++.so.6.0.25
7f93c32de000-7f93c34de000 ---p 00179000 fc:01 256                        /usr/lib/x86_64-linux-gnu/libstdc++.so.6.0.25
7f93c34de000-7f93c34e8000 r--p 00179000 fc:01 256                        /usr/lib/x86_64-linux-gnu/libstdc++.so.6.0.25
7f93c34e8000-7f93c34ea000 rw-p 00183000 fc:01 256                        /usr/lib/x86_64-linux-gnu/libstdc++.so.6.0.25
7f93c34ea000-7f93c34ee000 rw-p 00000000 00:00 0 
7f93c34ee000-7f93c4192000 r-xp 00000000 fc:01 756026                     /usr/lib/jvm/java-8-openjdk-amd64/jre/lib/amd64/server/libjvm.so
7f93c4192000-7f93c4392000 ---p 00ca4000 fc:01 756026                     /usr/lib/jvm/java-8-openjdk-amd64/jre/lib/amd64/server/libjvm.so
7f93c4392000-7f93c4426000 r--p 00ca4000 fc:01 756026                     /usr/lib/jvm/java-8-openjdk-amd64/jre/lib/amd64/server/libjvm.so
7f93c4426000-7f93c444f000 rw-p 00d38000 fc:01 756026                     /usr/lib/jvm/java-8-openjdk-amd64/jre/lib/amd64/server/libjvm.so
7f93c444f000-7f93c447f000 rw-p 00000000 00:00 0 
7f93c447f000-7f93c4499000 r-xp 00000000 fc:01 5229                       /lib/x86_64-linux-gnu/libpthread-2.27.so
7f93c4499000-7f93c4698000 ---p 0001a000 fc:01 5229                       /lib/x86_64-linux-gnu/libpthread-2.27.so
7f93c4698000-7f93c4699000 r--p 00019000 fc:01 5229                       /lib/x86_64-linux-gnu/libpthread-2.27.so
7f93c4699000-7f93c469a000 rw-p 0001a000 fc:01 5229                       /lib/x86_64-linux-gnu/libpthread-2.27.so
7f93c469a000-7f93c469e000 rw-p 00000000 00:00 0 
7f93c469e000-7f93c46a1000 r-xp 00000000 fc:01 5216                       /lib/x86_64-linux-gnu/libdl-2.27.so
7f93c46a1000-7f93c48a0000 ---p 00003000 fc:01 5216                       /lib/x86_64-linux-gnu/libdl-2.27.so
7f93c48a0000-7f93c48a1000 r--p 00002000 fc:01 5216                       /lib/x86_64-linux-gnu/libdl-2.27.so
7f93c48a1000-7f93c48a2000 rw-p 00003000 fc:01 5216                       /lib/x86_64-linux-gnu/libdl-2.27.so
7f93c48a2000-7f93c48be000 r-xp 00000000 fc:01 894                        /lib/x86_64-linux-gnu/libz.so.1.2.11
7f93c48be000-7f93c4abd000 ---p 0001c000 fc:01 894                        /lib/x86_64-linux-gnu/libz.so.1.2.11
7f93c4abd000-7f93c4abe000 r--p 0001b000 fc:01 894                        /lib/x86_64-linux-gnu/libz.so.1.2.11
7f93c4abe000-7f93c4abf000 rw-p 0001c000 fc:01 894                        /lib/x86_64-linux-gnu/libz.so.1.2.11
7f93c4abf000-7f93c4ca6000 r-xp 00000000 fc:01 5151                       /lib/x86_64-linux-gnu/libc-2.27.so
7f93c4ca6000-7f93c4ea6000 ---p 001e7000 fc:01 5151                       /lib/x86_64-linux-gnu/libc-2.27.so
7f93c4ea6000-7f93c4eaa000 r--p 001e7000 fc:01 5151                       /lib/x86_64-linux-gnu/libc-2.27.so
7f93c4eaa000-7f93c4eac000 rw-p 001eb000 fc:01 5151                       /lib/x86_64-linux-gnu/libc-2.27.so
7f93c4eac000-7f93c4eb0000 rw-p 00000000 00:00 0 
7f93c4eb0000-7f93c4ebe000 r-xp 00000000 fc:01 755990                     /usr/lib/jvm/java-8-openjdk-amd64/jre/lib/amd64/jli/libjli.so
7f93c4ebe000-7f93c50bd000 ---p 0000e000 fc:01 755990                     /usr/lib/jvm/java-8-openjdk-amd64/jre/lib/amd64/jli/libjli.so
7f93c50bd000-7f93c50be000 r--p 0000d000 fc:01 755990                     /usr/lib/jvm/java-8-openjdk-amd64/jre/lib/amd64/jli/libjli.so
7f93c50be000-7f93c50bf000 rw-p 0000e000 fc:01 755990                     /usr/lib/jvm/java-8-openjdk-amd64/jre/lib/amd64/jli/libjli.so
7f93c50bf000-7f93c50e6000 r-xp 00000000 fc:01 909                        /lib/x86_64-linux-gnu/ld-2.27.so
7f93c51d1000-7f93c51d9000 rw-s 00000000 fc:01 262484                     /tmp/hsperfdata_root/4351
7f93c51d9000-7f93c51da000 ---p 00000000 00:00 0 
7f93c51da000-7f93c51dd000 ---p 00000000 00:00 0 
7f93c51dd000-7f93c52dc000 rw-p 00000000 00:00 0 
7f93c52e2000-7f93c52e3000 rw-p 00000000 00:00 0 
7f93c52e3000-7f93c52e4000 r--p 00000000 00:00 0 
7f93c52e4000-7f93c52e6000 rw-p 00000000 00:00 0 
7f93c52e6000-7f93c52e7000 r--p 00027000 fc:01 909                        /lib/x86_64-linux-gnu/ld-2.27.so
7f93c52e7000-7f93c52e8000 rw-p 00028000 fc:01 909                        /lib/x86_64-linux-gnu/ld-2.27.so
7f93c52e8000-7f93c52e9000 rw-p 00000000 00:00 0 
7ffd56f80000-7ffd56fa1000 rw-p 00000000 00:00 0                          [stack]
7ffd56fb1000-7ffd56fb4000 r--p 00000000 00:00 0                          [vvar]
7ffd56fb4000-7ffd56fb6000 r-xp 00000000 00:00 0                          [vdso]
ffffffffff600000-ffffffffff601000 r-xp 00000000 00:00 0                  [vsyscall]

VM Arguments:
jvm_args: -Xmx1024M -Xms1024M 
java_command: server.jar nogui
java_class_path (initial): server.jar
Launcher Type: SUN_STANDARD

Environment Variables:
PATH=/usr/local/sbin:/usr/local/bin:/usr/sbin:/usr/bin:/sbin:/bin:/usr/games:/usr/local/games:/snap/bin
SHELL=/bin/bash

Signal Handlers:
SIGSEGV: [libjvm.so+0xabd470], sa_mask[0]=11111111011111111101111111111110, sa_flags=SA_RESTART|SA_SIGINFO
SIGBUS: [libjvm.so+0xabd470], sa_mask[0]=11111111011111111101111111111110, sa_flags=SA_RESTART|SA_SIGINFO
SIGFPE: [libjvm.so+0x8f1c90], sa_mask[0]=11111111011111111101111111111110, sa_flags=SA_RESTART|SA_SIGINFO
SIGPIPE: [libjvm.so+0x8f1c90], sa_mask[0]=11111111011111111101111111111110, sa_flags=SA_RESTART|SA_SIGINFO
SIGXFSZ: [libjvm.so+0x8f1c90], sa_mask[0]=11111111011111111101111111111110, sa_flags=SA_RESTART|SA_SIGINFO
SIGILL: [libjvm.so+0x8f1c90], sa_mask[0]=11111111011111111101111111111110, sa_flags=SA_RESTART|SA_SIGINFO
SIGUSR1: SIG_DFL, sa_mask[0]=00000000000000000000000000000000, sa_flags=none
SIGUSR2: [libjvm.so+0x8f1b40], sa_mask[0]=00000000000000000000000000000000, sa_flags=SA_RESTART|SA_SIGINFO
SIGHUP: SIG_DFL, sa_mask[0]=00000000000000000000000000000000, sa_flags=none
SIGINT: SIG_DFL, sa_mask[0]=00000000000000000000000000000000, sa_flags=none
SIGTERM: SIG_DFL, sa_mask[0]=00000000000000000000000000000000, sa_flags=none
SIGQUIT: SIG_DFL, sa_mask[0]=00000000000000000000000000000000, sa_flags=none


---------------  S Y S T E M  ---------------

OS:DISTRIB_ID=Ubuntu
DISTRIB_RELEASE=18.04
DISTRIB_CODENAME=bionic
DISTRIB_DESCRIPTION="Ubuntu 18.04.4 LTS"

uname:Linux 4.15.0-76-generic #86-Ubuntu SMP Fri Jan 17 17:24:28 UTC 2020 x86_64
libc:glibc 2.27 NPTL 2.27 
rlimit: STACK 8192k, CORE 0k, NPROC 3824, NOFILE 1048576, AS infinity
load average:0.16 0.47 0.63

/proc/meminfo:
MemTotal:        1008736 kB
MemFree:          100556 kB
MemAvailable:      80536 kB
Buffers:            5680 kB
Cached:            78948 kB
SwapCached:            0 kB
Active:           790456 kB
Inactive:          55984 kB
Active(anon):     762360 kB
Inactive(anon):     2516 kB
Active(file):      28096 kB
Inactive(file):    53468 kB
Unevictable:           0 kB
Mlocked:               0 kB
SwapTotal:             0 kB
SwapFree:              0 kB
Dirty:               276 kB
Writeback:             0 kB
AnonPages:        761904 kB
Mapped:            31648 kB
Shmem:              3012 kB
Slab:              35024 kB
SReclaimable:      21032 kB
SUnreclaim:        13992 kB
KernelStack:        1984 kB
PageTables:         6896 kB
NFS_Unstable:          0 kB
Bounce:                0 kB
WritebackTmp:          0 kB
CommitLimit:      504368 kB
Committed_AS:    1356424 kB
VmallocTotal:   34359738367 kB
VmallocUsed:           0 kB
VmallocChunk:          0 kB
HardwareCorrupted:     0 kB
AnonHugePages:         0 kB
ShmemHugePages:        0 kB
ShmemPmdMapped:        0 kB
CmaTotal:              0 kB
CmaFree:               0 kB
HugePages_Total:       0
HugePages_Free:        0
HugePages_Rsvd:        0
HugePages_Surp:        0
Hugepagesize:       2048 kB
DirectMap4k:      104304 kB
DirectMap2M:      944128 kB
DirectMap1G:           0 kB

container (cgroup) information:
container_type: cgroupv1
cpu_cpuset_cpus: 0
cpu_memory_nodes: 0
active_processor_count: 1
cpu_quota: -1
cpu_period: 100000
cpu_shares: -1
memory_limit_in_bytes: -1
memory_and_swap_limit_in_bytes: -2
memory_soft_limit_in_bytes: -1
memory_usage_in_bytes: 866873344
memory_max_usage_in_bytes: 0


CPU:total 1 (initial active 1) (1 cores per cpu, 1 threads per core) family 6 model 85 stepping 4, cmov, cx8, fxsr, mmx, sse, sse2, sse3, ssse3, sse4.1, sse4.2, popcnt, avx, avx2, aes, clmul, erms, rtm, 3dnowpref, lzcnt, tsc, bmi1, bmi2, adx

/proc/cpuinfo:
processor	: 0
vendor_id	: GenuineIntel
cpu family	: 6
model		: 85
model name	: Intel(R) Xeon(R) Gold 6136 CPU @ 3.00GHz
stepping	: 4
microcode	: 0x1
cpu MHz		: 2992.968
cache size	: 16384 KB
physical id	: 0
siblings	: 1
core id		: 0
cpu cores	: 1
apicid		: 0
initial apicid	: 0
fpu		: yes
fpu_exception	: yes
cpuid level	: 13
wp		: yes
flags		: fpu vme de pse tsc msr pae mce cx8 apic sep mtrr pge mca cmov pat pse36 clflush mmx fxsr sse sse2 ss syscall nx pdpe1gb rdtscp lm constant_tsc arch_perfmon rep_good nopl xtopology cpuid tsc_known_freq pni pclmulqdq ssse3 fma cx16 pcid sse4_1 sse4_2 x2apic movbe popcnt tsc_deadline_timer aes xsave avx f16c rdrand hypervisor lahf_lm abm 3dnowprefetch cpuid_fault invpcid_single pti ssbd ibrs ibpb fsgsbase tsc_adjust bmi1 hle avx2 smep bmi2 erms invpcid rtm mpx avx512f avx512dq rdseed adx smap clflushopt clwb avx512cd avx512bw avx512vl xsaveopt xsavec xgetbv1 xsaves arat umip pku ospke
bugs		: cpu_meltdown spectre_v1 spectre_v2 spec_store_bypass l1tf mds swapgs taa itlb_multihit
bogomips	: 5985.93
clflush size	: 64
cache_alignment	: 64
address sizes	: 40 bits physical, 48 bits virtual
power management:



Memory: 4k page, physical 1008736k(100556k free), swap 0k(0k free)

vm_info: OpenJDK 64-Bit Server VM (25.252-b09) for linux-amd64 JRE (1.8.0_252-8u252-b09-1~18.04-b09), built on Apr 15 2020 18:48:05 by "buildd" with gcc 7.5.0

time: Fri May  1 01:54:04 2020
timezone: UTC
elapsed time: 0 seconds (0d 0h 0m 0s)

